{
  "stats": {
    "suites": 1,
    "tests": 2,
    "passes": 2,
    "pending": 0,
    "failures": 0,
    "start": "2020-07-21T08:35:07.022Z",
    "end": "2020-07-21T08:35:47.501Z",
    "duration": 40479,
    "testsRegistered": 2,
    "passPercent": 100,
    "pendingPercent": 0,
    "other": 0,
    "hasOther": false,
    "skipped": 0,
    "hasSkipped": false
  },
  "results": [
    {
      "uuid": "2ffcb4ee-2813-4330-b416-9e4e836511a5",
      "title": "",
      "fullFile": "cypress/integration/filebinTest.spec.js",
      "file": "cypress/integration/filebinTest.spec.js",
      "beforeHooks": [],
      "afterHooks": [],
      "tests": [],
      "suites": [
        {
          "uuid": "1d592e89-f993-4acd-890b-ea80b93babc0",
          "title": "File upload and download tests",
          "fullFile": "",
          "file": "",
          "beforeHooks": [],
          "afterHooks": [],
          "tests": [
            {
              "title": "Upload file and download it in Zip format",
              "fullTitle": "File upload and download tests Upload file and download it in Zip format",
              "timedOut": null,
              "duration": 18872,
              "state": "passed",
              "speed": "slow",
              "pass": true,
              "fail": false,
              "pending": false,
              "context": null,
              "code": "cy.get('#fileField').attachFile('foxPicture.jpg');\ncy.contains('This bin contains 1 file').should('be.visible');\ncy.get('.fa-cloud-download').click();\ncy.contains('Zip').invoke('attr', 'href').then(function (downloadLink) {\n  cy.log(downloadLink);\n  cy.downloadFile(downloadLink, 'mydownloads/zipFiles', 'foxPicture_downloadedFromCypress.zip');\n  cy.readFile('mydownloads/zipFiles/foxPicture_downloadedFromCypress.zip');\n});",
              "err": {},
              "uuid": "7661b302-5916-457f-8da7-f8f67099e64b",
              "parentUUID": "1d592e89-f993-4acd-890b-ea80b93babc0",
              "isHook": false,
              "skipped": false
            },
            {
              "title": "Upload file and download it in Tar format",
              "fullTitle": "File upload and download tests Upload file and download it in Tar format",
              "timedOut": null,
              "duration": 17261,
              "state": "passed",
              "speed": "slow",
              "pass": true,
              "fail": false,
              "pending": false,
              "context": null,
              "code": "cy.get('#fileField').attachFile('bearPicture.jpg');\ncy.contains('This bin contains 1 file').should('be.visible');\ncy.get('.fa-cloud-download').click();\ncy.contains('Tar').invoke('attr', 'href').then(function (downloadLink) {\n  cy.log(downloadLink);\n  cy.downloadFile(downloadLink, 'mydownloads/tarFiles', 'bearPicture_downloadedFromCypress.tar');\n  cy.readFile('mydownloads/tarFiles/bearPicture_downloadedFromCypress.tar');\n});",
              "err": {},
              "uuid": "f341e457-f8c5-46d1-aa59-e6dbac439a97",
              "parentUUID": "1d592e89-f993-4acd-890b-ea80b93babc0",
              "isHook": false,
              "skipped": false
            }
          ],
          "suites": [],
          "passes": [
            "7661b302-5916-457f-8da7-f8f67099e64b",
            "f341e457-f8c5-46d1-aa59-e6dbac439a97"
          ],
          "failures": [],
          "pending": [],
          "skipped": [],
          "duration": 36133,
          "root": false,
          "rootEmpty": false,
          "_timeout": 2000
        }
      ],
      "passes": [],
      "failures": [],
      "pending": [],
      "skipped": [],
      "duration": 0,
      "root": true,
      "rootEmpty": true,
      "_timeout": 2000
    }
  ],
  "meta": {
    "mocha": {
      "version": "7.0.1"
    },
    "mochawesome": {
      "options": {
        "quiet": false,
        "reportFilename": "mochawesome",
        "saveHtml": false,
        "saveJson": true,
        "consoleReporter": "spec",
        "useInlineDiffs": false,
        "code": true
      },
      "version": "6.1.1"
    },
    "marge": {
      "options": {
        "reportDir": "cypress/results",
        "overwrite": false,
        "html": false,
        "json": true
      },
      "version": "5.1.0"
    }
  }
}